
  .   ____          _            __ _ _
 /\\ / ___'_ __ _ _(_)_ __  __ _ \ \ \ \
( ( )\___ | '_ | '_| | '_ \/ _` | \ \ \ \
 \\/  ___)| |_)| | | | | || (_| |  ) ) ) )
  '  |____| .__|_| |_|_| |_\__, | / / / /
 =========|_|==============|___/=/_/_/_/
 :: Spring Boot ::                (v3.1.5)

2026-03-15T22:26:40.173+05:30  INFO 12412 --- [           main] c.r.o.OrderServiceApplication            : Starting OrderServiceApplication v0.0.1-SNAPSHOT using Java 18.0.1.1 with PID 12412 (C:\Revature Training\revshop-p3\order-service\target\order-service-0.0.1-SNAPSHOT.jar started by ayush in C:\Revature Training\revshop-p3\order-service)
2026-03-15T22:26:40.175+05:30  INFO 12412 --- [           main] c.r.o.OrderServiceApplication            : No active profile set, falling back to 1 default profile: "default"
2026-03-15T22:26:41.559+05:30  INFO 12412 --- [           main] .s.d.r.c.RepositoryConfigurationDelegate : Bootstrapping Spring Data JPA repositories in DEFAULT mode.
2026-03-15T22:26:41.787+05:30  INFO 12412 --- [           main] .s.d.r.c.RepositoryConfigurationDelegate : Finished Spring Data repository scanning in 208 ms. Found 2 JPA repository interfaces.
2026-03-15T22:26:42.259+05:30  INFO 12412 --- [           main] o.s.cloud.context.scope.GenericScope     : BeanFactory id=a044bcf1-d9ec-3622-96a3-706b43cbffdb
2026-03-15T22:26:42.402+05:30  INFO 12412 --- [           main] trationDelegate$BeanPostProcessorChecker : Bean 'com.revshop.orderservice.feign.CartServiceClient' of type [org.springframework.cloud.openfeign.FeignClientFactoryBean] is not eligible for getting processed by all BeanPostProcessors (for example: not eligible for auto-proxying)
2026-03-15T22:26:42.404+05:30  INFO 12412 --- [           main] trationDelegate$BeanPostProcessorChecker : Bean 'com.revshop.orderservice.feign.ProductServiceClient' of type [org.springframework.cloud.openfeign.FeignClientFactoryBean] is not eligible for getting processed by all BeanPostProcessors (for example: not eligible for auto-proxying)
2026-03-15T22:26:42.405+05:30  INFO 12412 --- [           main] trationDelegate$BeanPostProcessorChecker : Bean 'com.revshop.orderservice.feign.UserServiceClient' of type [org.springframework.cloud.openfeign.FeignClientFactoryBean] is not eligible for getting processed by all BeanPostProcessors (for example: not eligible for auto-proxying)
2026-03-15T22:26:42.891+05:30  INFO 12412 --- [           main] o.s.b.w.embedded.tomcat.TomcatWebServer  : Tomcat initialized with port(s): 8084 (http)
2026-03-15T22:26:42.904+05:30  INFO 12412 --- [           main] o.apache.catalina.core.StandardService   : Starting service [Tomcat]
2026-03-15T22:26:42.904+05:30  INFO 12412 --- [           main] o.apache.catalina.core.StandardEngine    : Starting Servlet engine: [Apache Tomcat/10.1.15]
2026-03-15T22:26:43.001+05:30  INFO 12412 --- [           main] o.a.c.c.C.[Tomcat].[localhost].[/]       : Initializing Spring embedded WebApplicationContext
2026-03-15T22:26:43.002+05:30  INFO 12412 --- [           main] w.s.c.ServletWebServerApplicationContext : Root WebApplicationContext: initialization completed in 2732 ms
2026-03-15T22:26:43.438+05:30  INFO 12412 --- [           main] o.hibernate.jpa.internal.util.LogHelper  : HHH000204: Processing PersistenceUnitInfo [name: default]
2026-03-15T22:26:43.530+05:30  INFO 12412 --- [           main] org.hibernate.Version                    : HHH000412: Hibernate ORM core version 6.2.13.Final
2026-03-15T22:26:43.534+05:30  INFO 12412 --- [           main] org.hibernate.cfg.Environment            : HHH000406: Using bytecode reflection optimizer
2026-03-15T22:26:43.918+05:30  INFO 12412 --- [           main] o.s.o.j.p.SpringPersistenceUnitInfo      : No LoadTimeWeaver setup: ignoring JPA class transformer
2026-03-15T22:26:43.958+05:30  INFO 12412 --- [           main] com.zaxxer.hikari.HikariDataSource       : HikariPool-1 - Starting...
2026-03-15T22:26:44.578+05:30  INFO 12412 --- [           main] com.zaxxer.hikari.pool.HikariPool        : HikariPool-1 - Added connection com.mysql.cj.jdbc.ConnectionImpl@4d8286c4
2026-03-15T22:26:44.583+05:30  INFO 12412 --- [           main] com.zaxxer.hikari.HikariDataSource       : HikariPool-1 - Start completed.
2026-03-15T22:26:44.680+05:30  WARN 12412 --- [           main] org.hibernate.orm.deprecation            : HHH90000025: MySQLDialect does not need to be specified explicitly using 'hibernate.dialect' (remove the property setting and it will be selected by default)
2026-03-15T22:26:45.672+05:30  INFO 12412 --- [           main] o.h.e.t.j.p.i.JtaPlatformInitiator       : HHH000489: No JTA platform available (set 'hibernate.transaction.jta.platform' to enable JTA platform integration)
2026-03-15T22:26:45.773+05:30  INFO 12412 --- [           main] j.LocalContainerEntityManagerFactoryBean : Initialized JPA EntityManagerFactory for persistence unit 'default'
2026-03-15T22:26:46.241+05:30  INFO 12412 --- [           main] o.s.d.j.r.query.QueryEnhancerFactory     : Hibernate is in classpath; If applicable, HQL parser will be used.
2026-03-15T22:26:46.826+05:30  WARN 12412 --- [           main] JpaBaseConfiguration$JpaWebConfiguration : spring.jpa.open-in-view is enabled by default. Therefore, database queries may be performed during view rendering. Explicitly configure spring.jpa.open-in-view to disable this warning
2026-03-15T22:26:46.888+05:30  INFO 12412 --- [           main] o.s.c.openfeign.FeignClientFactoryBean   : For 'cart-service' URL not provided. Will try picking an instance via load-balancing.
2026-03-15T22:26:46.984+05:30  INFO 12412 --- [           main] o.s.c.openfeign.FeignClientFactoryBean   : For 'product-service' URL not provided. Will try picking an instance via load-balancing.
2026-03-15T22:26:47.016+05:30  INFO 12412 --- [           main] o.s.c.openfeign.FeignClientFactoryBean   : For 'user-service' URL not provided. Will try picking an instance via load-balancing.
2026-03-15T22:26:47.670+05:30  INFO 12412 --- [           main] o.s.b.a.e.web.EndpointLinksResolver      : Exposing 1 endpoint(s) beneath base path '/actuator'
2026-03-15T22:26:47.716+05:30  INFO 12412 --- [           main] o.s.s.web.DefaultSecurityFilterChain     : Will secure any request with [org.springframework.security.web.session.DisableEncodeUrlFilter@3e28af44, org.springframework.security.web.context.request.async.WebAsyncManagerIntegrationFilter@33891646, org.springframework.security.web.context.SecurityContextHolderFilter@34bddf43, org.springframework.security.web.header.HeaderWriterFilter@4f4d05b3, org.springframework.security.web.authentication.logout.LogoutFilter@2aa07d80, com.revshop.orderservice.security.JwtAuthenticationFilter@2516fc68, org.springframework.security.web.savedrequest.RequestCacheAwareFilter@3355b8ff, org.springframework.security.web.servletapi.SecurityContextHolderAwareRequestFilter@68f9e807, org.springframework.security.web.authentication.AnonymousAuthenticationFilter@3bdbf8d3, org.springframework.security.web.session.SessionManagementFilter@103e7c7c, org.springframework.security.web.access.ExceptionTranslationFilter@14b26e90, org.springframework.security.web.access.intercept.AuthorizationFilter@5cfa2ac5]
2026-03-15T22:26:48.152+05:30  INFO 12412 --- [           main] DiscoveryClientOptionalArgsConfiguration : Eureka HTTP Client uses RestTemplate.
2026-03-15T22:26:48.182+05:30  WARN 12412 --- [           main] iguration$LoadBalancerCaffeineWarnLogger : Spring Cloud LoadBalancer is currently working with the default cache. While this cache implementation is useful for development and tests, it's recommended to use Caffeine cache in production.You can switch to using Caffeine cache, by adding it and org.springframework.cache.caffeine.CaffeineCacheManager to the classpath.
2026-03-15T22:26:48.259+05:30  INFO 12412 --- [           main] o.s.c.n.eureka.InstanceInfoFactory       : Setting initial instance status as: STARTING
2026-03-15T22:26:48.368+05:30  INFO 12412 --- [           main] com.netflix.discovery.DiscoveryClient    : Initializing Eureka in region us-east-1
2026-03-15T22:26:48.374+05:30  INFO 12412 --- [           main] c.n.d.s.r.aws.ConfigClusterResolver      : Resolving eureka endpoints via configuration
2026-03-15T22:26:48.402+05:30  INFO 12412 --- [           main] com.netflix.discovery.DiscoveryClient    : Disable delta property : false
2026-03-15T22:26:48.403+05:30  INFO 12412 --- [           main] com.netflix.discovery.DiscoveryClient    : Single vip registry refresh property : null
2026-03-15T22:26:48.404+05:30  INFO 12412 --- [           main] com.netflix.discovery.DiscoveryClient    : Force full registry fetch : false
2026-03-15T22:26:48.404+05:30  INFO 12412 --- [           main] com.netflix.discovery.DiscoveryClient    : Application is null : false
2026-03-15T22:26:48.404+05:30  INFO 12412 --- [           main] com.netflix.discovery.DiscoveryClient    : Registered Applications size is zero : true
2026-03-15T22:26:48.405+05:30  INFO 12412 --- [           main] com.netflix.discovery.DiscoveryClient    : Application version is -1: true
2026-03-15T22:26:48.405+05:30  INFO 12412 --- [           main] com.netflix.discovery.DiscoveryClient    : Getting all instance registry info from the eureka server
2026-03-15T22:26:48.838+05:30  INFO 12412 --- [           main] com.netflix.discovery.DiscoveryClient    : The response status is 200
2026-03-15T22:26:48.842+05:30  INFO 12412 --- [           main] com.netflix.discovery.DiscoveryClient    : Starting heartbeat executor: renew interval is: 30
2026-03-15T22:26:48.845+05:30  INFO 12412 --- [           main] c.n.discovery.InstanceInfoReplicator     : InstanceInfoReplicator onDemand update allowed rate per min is 4
2026-03-15T22:26:48.850+05:30  INFO 12412 --- [           main] com.netflix.discovery.DiscoveryClient    : Discovery Client initialized at timestamp 1773593808849 with initial instances count: 5
2026-03-15T22:26:48.852+05:30  INFO 12412 --- [           main] o.s.c.n.e.s.EurekaServiceRegistry        : Registering application ORDER-SERVICE with eureka with status UP
2026-03-15T22:26:48.853+05:30  INFO 12412 --- [           main] com.netflix.discovery.DiscoveryClient    : Saw local status change event StatusChangeEvent [timestamp=1773593808853, current=UP, previous=STARTING]
2026-03-15T22:26:48.854+05:30  INFO 12412 --- [nfoReplicator-0] com.netflix.discovery.DiscoveryClient    : DiscoveryClient_ORDER-SERVICE/MSI:order-service:8084: registering service...
2026-03-15T22:26:48.891+05:30  INFO 12412 --- [           main] o.s.b.w.embedded.tomcat.TomcatWebServer  : Tomcat started on port(s): 8084 (http) with context path ''
2026-03-15T22:26:48.892+05:30  INFO 12412 --- [           main] .s.c.n.e.s.EurekaAutoServiceRegistration : Updating port to 8084
2026-03-15T22:26:48.906+05:30  INFO 12412 --- [nfoReplicator-0] com.netflix.discovery.DiscoveryClient    : DiscoveryClient_ORDER-SERVICE/MSI:order-service:8084 - registration status: 204
2026-03-15T22:26:49.029+05:30  INFO 12412 --- [           main] c.r.o.OrderServiceApplication            : Started OrderServiceApplication in 9.685 seconds (process running for 10.651)
2026-03-15T22:27:00.184+05:30  INFO 12412 --- [ionShutdownHook] o.s.c.n.e.s.EurekaServiceRegistry        : Unregistering application ORDER-SERVICE with eureka with status DOWN
2026-03-15T22:27:00.184+05:30  INFO 12412 --- [ionShutdownHook] com.netflix.discovery.DiscoveryClient    : Saw local status change event StatusChangeEvent [timestamp=1773593820184, current=DOWN, previous=UP]
2026-03-15T22:27:00.185+05:30  INFO 12412 --- [nfoReplicator-0] com.netflix.discovery.DiscoveryClient    : DiscoveryClient_ORDER-SERVICE/MSI:order-service:8084: registering service...
2026-03-15T22:27:00.194+05:30  INFO 12412 --- [nfoReplicator-0] com.netflix.discovery.DiscoveryClient    : DiscoveryClient_ORDER-SERVICE/MSI:order-service:8084 - registration status: 204
2026-03-15T22:27:00.229+05:30  INFO 12412 --- [ionShutdownHook] j.LocalContainerEntityManagerFactoryBean : Closing JPA EntityManagerFactory for persistence unit 'default'
2026-03-15T22:27:00.231+05:30  INFO 12412 --- [ionShutdownHook] com.zaxxer.hikari.HikariDataSource       : HikariPool-1 - Shutdown initiated...
2026-03-15T22:27:00.255+05:30  INFO 12412 --- [ionShutdownHook] com.zaxxer.hikari.HikariDataSource       : HikariPool-1 - Shutdown completed.
2026-03-15T22:27:00.257+05:30  INFO 12412 --- [ionShutdownHook] com.netflix.discovery.DiscoveryClient    : Shutting down DiscoveryClient ...
2026-03-15T22:27:03.261+05:30  INFO 12412 --- [ionShutdownHook] com.netflix.discovery.DiscoveryClient    : Unregistering ...
2026-03-15T22:27:03.267+05:30  INFO 12412 --- [ionShutdownHook] com.netflix.discovery.DiscoveryClient    : DiscoveryClient_ORDER-SERVICE/MSI:order-service:8084 - deregister  status: 200
2026-03-15T22:27:03.270+05:30  INFO 12412 --- [ionShutdownHook] com.netflix.discovery.DiscoveryClient    : Completed shut down of DiscoveryClient
